<?xml version="1.0" encoding="UTF-8"?>
<!-- Generated by org.testng.reporters.JUnitXMLReporter -->
<testsuite ignored="0" hostname="INLEN8520032206" failures="0" tests="4" name="Default test" time="2.158" errors="0" timestamp="2022-06-20T09:18:48 IST">
  <testcase classname="com.AllTest.AllExecutionDetails" name="VerifyGet" time="1.904"/>
  <testcase classname="com.AllTest.AllExecutionDetails" name="VerifyPost" time="0.139"/>
  <testcase classname="com.AllTest.AllExecutionDetails" name="VerifyPut" time="0.028"/>
  <testcase classname="com.AllTest.AllExecutionDetails" name="VerifyDelete" time="0.038"/>
</testsuite> <!-- Default test -->
